#
# There is insufficient memory for the Java Runtime Environment to continue.
# Native memory allocation (malloc) failed to allocate 889616 bytes for Chunk::new
# Possible reasons:
#   The system is out of physical RAM or swap space
#   The process is running with CompressedOops enabled, and the Java Heap may be blocking the growth of the native heap
# Possible solutions:
#   Reduce memory load on the system
#   Increase physical memory or swap space
#   Check if swap backing store is full
#   Decrease Java heap size (-Xmx/-Xms)
#   Decrease number of Java threads
#   Decrease Java thread stack sizes (-Xss)
#   Set larger code cache with -XX:ReservedCodeCacheSize=
#   JVM is running with Unscaled Compressed Oops mode in which the Java heap is
#     placed in the first 4GB address space. The Java Heap base address is the
#     maximum limit for the native heap growth. Please use -XX:HeapBaseMinAddress
#     to set the Java Heap base and to place the Java Heap above 4GB virtual address.
# This output file may be truncated or incomplete.
#
#  Out of Memory Error (allocation.cpp:389), pid=53132, tid=0x000000000000cd8c
#
# JRE version: OpenJDK Runtime Environment (8.0_242-b01) (build 1.8.0_242-release-1644-b01)
# Java VM: OpenJDK 64-Bit Server VM (25.242-b01 mixed mode windows-amd64 compressed oops)
# Failed to write core dump. Minidumps are not enabled by default on client versions of Windows
#

---------------  T H R E A D  ---------------

Current thread (0x000000001a1b6000):  JavaThread "C2 CompilerThread0" daemon [_thread_in_native, id=52620, stack(0x000000001aaa0000,0x000000001aba0000)]

Stack: [0x000000001aaa0000,0x000000001aba0000]
[error occurred during error reporting (printing stack bounds), id 0xc0000005]

Native frames: (J=compiled Java code, j=interpreted, Vv=VM code, C=native code)


Current CompileTask:
C2:1245327 15736       4       org.gradle.internal.service.DefaultServiceRegistry$OwnServices::getService (309 bytes)


---------------  P R O C E S S  ---------------

Java Threads: ( => current thread )
  0x0000000021da2800 JavaThread "Cache worker for cache directory md-rule (C:\Users\Roberto\.gradle\caches\6.1.1\md-rule)" [_thread_blocked, id=53000, stack(0x00000000227d0000,0x00000000228d0000)]
  0x0000000021d99800 JavaThread "Cache worker for cache directory md-supplier (C:\Users\Roberto\.gradle\caches\6.1.1\md-supplier)" [_thread_blocked, id=45956, stack(0x00000000209b0000,0x0000000020ab0000)]
  0x0000000021da0000 JavaThread "Cache worker for file hash cache (D:\apps\MadLevel1Task1\.gradle\6.1.1\fileHashes)" [_thread_blocked, id=47920, stack(0x00000000208b0000,0x00000000209b0000)]
  0x0000000021d9f800 JavaThread "Cache worker for checksums cache (D:\apps\MadLevel1Task1\.gradle\checksums)" [_thread_blocked, id=48500, stack(0x00000000203b0000,0x00000000204b0000)]
  0x0000000021d98000 JavaThread "Thread-60" [_thread_blocked, id=41568, stack(0x00000000202b0000,0x00000000203b0000)]
  0x0000000021d9a000 JavaThread "Stdin handler" [_thread_blocked, id=52544, stack(0x000000001e7e0000,0x000000001e8e0000)]
  0x0000000021d97000 JavaThread "Asynchronous log dispatcher for DefaultDaemonConnection: socket connection from /127.0.0.1:50756 to /127.0.0.1:51342" [_thread_blocked, id=52360, stack(0x000000001e6e0000,0x000000001e7e0000)]
  0x0000000021d9b800 JavaThread "Daemon worker Thread 2" [_thread_in_Java, id=49220, stack(0x000000001e5e0000,0x000000001e6e0000)]
  0x0000000021d9e000 JavaThread "Cancel handler" [_thread_blocked, id=39116, stack(0x000000001e2e0000,0x000000001e3e0000)]
  0x0000000021d98800 JavaThread "Handler for socket connection from /127.0.0.1:50756 to /127.0.0.1:51342" [_thread_in_native, id=44152, stack(0x000000001e1e0000,0x000000001e2e0000)]
  0x0000000021d9d000 JavaThread "Daemon Thread 2" [_thread_blocked, id=48996, stack(0x0000000001740000,0x0000000001840000)]
  0x000000002428a800 JavaThread "Cache worker for Java compile cache (C:\Users\Roberto\.gradle\caches\6.1.1\javaCompile)" [_thread_blocked, id=20956, stack(0x0000000027b30000,0x0000000027c30000)]
  0x0000000022046000 JavaThread "RMI Reaper" [_thread_blocked, id=48636, stack(0x0000000029b00000,0x0000000029c00000)]
  0x0000000022045800 JavaThread "RMI TCP Accept-0" daemon [_thread_in_native, id=52260, stack(0x0000000029a00000,0x0000000029b00000)]
  0x000000002204a800 JavaThread "GC Daemon" daemon [_thread_blocked, id=41436, stack(0x0000000027d30000,0x0000000027e30000)]
  0x0000000022044800 JavaThread "RMI Scheduler(0)" daemon [_thread_blocked, id=50528, stack(0x0000000027930000,0x0000000027a30000)]
  0x000000001b839000 JavaThread "Cache worker for file content cache (C:\Users\Roberto\.gradle\caches\6.1.1\fileContent)" [_thread_blocked, id=52916, stack(0x00000000257a0000,0x00000000258a0000)]
  0x000000001b838000 JavaThread "Memory manager" [_thread_blocked, id=47704, stack(0x00000000254a0000,0x00000000255a0000)]
  0x000000001a1b7000 JavaThread "Cache worker for execution history cache (C:\Users\Roberto\.gradle\caches\6.1.1\executionHistory)" [_thread_blocked, id=50000, stack(0x0000000020ab0000,0x0000000020bb0000)]
  0x000000001a1b9800 JavaThread "Cache worker for file hash cache (C:\Users\Roberto\.gradle\caches\6.1.1\fileHashes)" [_thread_blocked, id=41168, stack(0x000000001efe0000,0x000000001f0e0000)]
  0x000000001a1b8800 JavaThread "File lock request listener" [_thread_in_native, id=52488, stack(0x000000001eee0000,0x000000001efe0000)]
  0x000000001cf2c800 JavaThread "Cache worker for journal cache (C:\Users\Roberto\.gradle\caches\journal-1)" [_thread_blocked, id=41320, stack(0x000000001ede0000,0x000000001eee0000)]
  0x000000001cca8000 JavaThread "Daemon periodic checks" [_thread_blocked, id=53112, stack(0x000000001e0e0000,0x000000001e1e0000)]
  0x000000001cca7000 JavaThread "Incoming local TCP Connector on port 50756" [_thread_in_native, id=48660, stack(0x000000001de80000,0x000000001df80000)]
  0x000000001c93d800 JavaThread "Daemon health stats" [_thread_blocked, id=52332, stack(0x000000001d840000,0x000000001d940000)]
  0x000000001a23f000 JavaThread "Service Thread" daemon [_thread_blocked, id=40000, stack(0x000000001aea0000,0x000000001afa0000)]
  0x000000001a1bc800 JavaThread "C1 CompilerThread3" daemon [_thread_blocked, id=49028, stack(0x000000001ada0000,0x000000001aea0000)]
  0x000000001a1bb800 JavaThread "C2 CompilerThread2" daemon [_thread_in_native, id=52804, stack(0x000000001aca0000,0x000000001ada0000)]
  0x000000001a1b8000 JavaThread "C2 CompilerThread1" daemon [_thread_blocked, id=53148, stack(0x000000001aba0000,0x000000001aca0000)]
=>0x000000001a1b6000 JavaThread "C2 CompilerThread0" daemon [_thread_in_native, id=52620, stack(0x000000001aaa0000,0x000000001aba0000)]
  0x000000001a1b5800 JavaThread "Attach Listener" daemon [_thread_blocked, id=53028, stack(0x000000001a9a0000,0x000000001aaa0000)]
  0x000000001a1b2000 JavaThread "Signal Dispatcher" daemon [_thread_blocked, id=52276, stack(0x000000001a8a0000,0x000000001a9a0000)]
  0x000000000334e000 JavaThread "Finalizer" daemon [_thread_blocked, id=52264, stack(0x000000001a680000,0x000000001a780000)]
  0x0000000003347000 JavaThread "Reference Handler" daemon [_thread_blocked, id=52520, stack(0x000000001a580000,0x000000001a680000)]
  0x0000000003252800 JavaThread "main" [_thread_blocked, id=53232, stack(0x0000000003070000,0x0000000003170000)]

Other Threads:
  0x00000000183b6800 VMThread [stack: 0x000000001a080000,0x000000001a180000] [id=36496]
  0x000000001a240000 WatcherThread [stack: 0x000000001afa0000,0x000000001b0a0000] [id=52320]

VM state:not at safepoint (normal execution)

VM Mutex/Monitor currently owned by a thread: None

heap address: 0x0000000080000000, size: 2048 MB, Compressed Oops mode: 32-bit
Narrow klass base: 0x0000000000000000, Narrow klass shift: 3
Compressed class space size: 1073741824 Address: 0x0000000100000000

Heap:
 PSYoungGen      total 493056K, used 282536K [0x00000000d5580000, 0x00000000ff680000, 0x0000000100000000)
  eden space 461312K, 61% used [0x00000000d5580000,0x00000000e696a3d0,0x00000000f1800000)
  from space 31744K, 0% used [0x00000000f4c00000,0x00000000f4c00000,0x00000000f6b00000)
  to   space 53248K, 0% used [0x00000000f1800000,0x00000000f1800000,0x00000000f4c00000)
 ParOldGen       total 242688K, used 103985K [0x0000000080000000, 0x000000008ed00000, 0x00000000d5580000)
  object space 242688K, 42% used [0x0000000080000000,0x000000008658c700,0x000000008ed00000)
 Metaspace       used 99587K, capacity 104140K, committed 105624K, reserved 1140736K
  class space    used 13323K, capacity 14187K, committed 14512K, reserved 1048576K

Card table byte_map: [0x0000000012710000,0x0000000012b20000] byte_map_base: 0x0000000012310000

Marking Bits: (ParMarkBitMap*) 0x000000006cecf030
 Begin Bits: [0x00000000135d0000, 0x00000000155d0000)
 End Bits:   [0x00000000155d0000, 0x00000000175d0000)

Polling page: 0x00000000013e0000

CodeCache: size=245760Kb used=37792Kb max_used=37889Kb free=207967Kb
 bounds [0x0000000003350000, 0x00000000058f0000, 0x0000000012350000]
 total_blobs=13412 nmethods=12468 adapters=855
 compilation: enabled

Compilation events (10 events):
Event: 1244.367 Thread 0x000000001a1bc800 nmethod 15732 0x00000000037be8d0 code [0x00000000037bea40, 0x00000000037beca8]
Event: 1244.368 Thread 0x000000001a1bc800 15733       3       org.gradle.model.internal.registry.ModelGraph::find (14 bytes)
Event: 1244.369 Thread 0x000000001a1bc800 nmethod 15733 0x00000000046b4190 code [0x00000000046b4300, 0x00000000046b4608]
Event: 1244.370 Thread 0x000000001a1b6000 15736       4       org.gradle.internal.service.DefaultServiceRegistry$OwnServices::getService (309 bytes)
Event: 1244.370 Thread 0x000000001a1bb800 15737       4       com.google.common.base.Preconditions::checkState (17 bytes)
Event: 1244.370 Thread 0x000000001a1bc800 15734       3       org.gradle.api.internal.project.DefaultProject::getConvention (8 bytes)
Event: 1244.370 Thread 0x000000001a1bc800 nmethod 15734 0x00000000046b3d90 code [0x00000000046b3ee0, 0x00000000046b40d0]
Event: 1244.370 Thread 0x000000001a1bb800 nmethod 15737 0x000000000358c210 code [0x000000000358c340, 0x000000000358c398]
Event: 1244.371 Thread 0x000000001a1bc800 15735   !   3       java.util.ArrayList$Itr::remove (68 bytes)
Event: 1244.371 Thread 0x000000001a1bc800 nmethod 15735 0x00000000046b6b50 code [0x00000000046b6d00, 0x00000000046b72f8]

GC Heap History (10 events):
Event: 56.170 GC heap before
{Heap before GC invocations=12 (full 3):
 PSYoungGen      total 342528K, used 16480K [0x00000000d5580000, 0x00000000f0e80000, 0x0000000100000000)
  eden space 317952K, 0% used [0x00000000d5580000,0x00000000d5580000,0x00000000e8c00000)
  from space 24576K, 67% used [0x00000000e8c00000,0x00000000e9c181e0,0x00000000ea400000)
  to   space 25600K, 0% used [0x00000000ef580000,0x00000000ef580000,0x00000000f0e80000)
 ParOldGen       total 90112K, used 30771K [0x0000000080000000, 0x0000000085800000, 0x00000000d5580000)
  object space 90112K, 34% used [0x0000000080000000,0x0000000081e0cd80,0x0000000085800000)
 Metaspace       used 56979K, capacity 59100K, committed 59160K, reserved 1099776K
  class space    used 7712K, capacity 8189K, committed 8240K, reserved 1048576K
Event: 56.379 GC heap after
Heap after GC invocations=12 (full 3):
 PSYoungGen      total 342528K, used 0K [0x00000000d5580000, 0x00000000f0e80000, 0x0000000100000000)
  eden space 317952K, 0% used [0x00000000d5580000,0x00000000d5580000,0x00000000e8c00000)
  from space 24576K, 0% used [0x00000000e8c00000,0x00000000e8c00000,0x00000000ea400000)
  to   space 25600K, 0% used [0x00000000ef580000,0x00000000ef580000,0x00000000f0e80000)
 ParOldGen       total 130560K, used 29271K [0x0000000080000000, 0x0000000087f80000, 0x00000000d5580000)
  object space 130560K, 22% used [0x0000000080000000,0x0000000081c95fa0,0x0000000087f80000)
 Metaspace       used 56948K, capacity 58992K, committed 59160K, reserved 1099776K
  class space    used 7702K, capacity 8171K, committed 8240K, reserved 1048576K
}
Event: 111.506 GC heap before
{Heap before GC invocations=13 (full 3):
 PSYoungGen      total 342528K, used 317952K [0x00000000d5580000, 0x00000000f0e80000, 0x0000000100000000)
  eden space 317952K, 100% used [0x00000000d5580000,0x00000000e8c00000,0x00000000e8c00000)
  from space 24576K, 0% used [0x00000000e8c00000,0x00000000e8c00000,0x00000000ea400000)
  to   space 25600K, 0% used [0x00000000ef580000,0x00000000ef580000,0x00000000f0e80000)
 ParOldGen       total 130560K, used 29271K [0x0000000080000000, 0x0000000087f80000, 0x00000000d5580000)
  object space 130560K, 22% used [0x0000000080000000,0x0000000081c95fa0,0x0000000087f80000)
 Metaspace       used 68537K, capacity 71980K, committed 72088K, reserved 1112064K
  class space    used 9373K, capacity 10071K, committed 10160K, reserved 1048576K
Event: 111.582 GC heap after
Heap after GC invocations=13 (full 3):
 PSYoungGen      total 419840K, used 19152K [0x00000000d5580000, 0x00000000f0d00000, 0x0000000100000000)
  eden space 395776K, 0% used [0x00000000d5580000,0x00000000d5580000,0x00000000ed800000)
  from space 24064K, 79% used [0x00000000ef580000,0x00000000f08341b8,0x00000000f0d00000)
  to   space 27136K, 0% used [0x00000000ed800000,0x00000000ed800000,0x00000000ef280000)
 ParOldGen       total 130560K, used 29279K [0x0000000080000000, 0x0000000087f80000, 0x00000000d5580000)
  object space 130560K, 22% used [0x0000000080000000,0x0000000081c97fa0,0x0000000087f80000)
 Metaspace       used 68537K, capacity 71980K, committed 72088K, reserved 1112064K
  class space    used 9373K, capacity 10071K, committed 10160K, reserved 1048576K
}
Event: 186.170 GC heap before
{Heap before GC invocations=14 (full 3):
 PSYoungGen      total 419840K, used 414928K [0x00000000d5580000, 0x00000000f0d00000, 0x0000000100000000)
  eden space 395776K, 100% used [0x00000000d5580000,0x00000000ed800000,0x00000000ed800000)
  from space 24064K, 79% used [0x00000000ef580000,0x00000000f08341b8,0x00000000f0d00000)
  to   space 27136K, 0% used [0x00000000ed800000,0x00000000ed800000,0x00000000ef280000)
 ParOldGen       total 130560K, used 29279K [0x0000000080000000, 0x0000000087f80000, 0x00000000d5580000)
  object space 130560K, 22% used [0x0000000080000000,0x0000000081c97fa0,0x0000000087f80000)
 Metaspace       used 77985K, capacity 81604K, committed 81688K, reserved 1120256K
  class space    used 10548K, capacity 11265K, committed 11312K, reserved 1048576K
Event: 186.306 GC heap after
Heap after GC invocations=14 (full 3):
 PSYoungGen      total 422912K, used 27134K [0x00000000d5580000, 0x00000000f6b00000, 0x0000000100000000)
  eden space 395776K, 0% used [0x00000000d5580000,0x00000000d5580000,0x00000000ed800000)
  from space 27136K, 99% used [0x00000000ed800000,0x00000000ef27fa30,0x00000000ef280000)
  to   space 31744K, 0% used [0x00000000f4c00000,0x00000000f4c00000,0x00000000f6b00000)
 ParOldGen       total 130560K, used 30879K [0x0000000080000000, 0x0000000087f80000, 0x00000000d5580000)
  object space 130560K, 23% used [0x0000000080000000,0x0000000081e27ff0,0x0000000087f80000)
 Metaspace       used 77985K, capacity 81604K, committed 81688K, reserved 1120256K
  class space    used 10548K, capacity 11265K, committed 11312K, reserved 1048576K
}
Event: 202.325 GC heap before
{Heap before GC invocations=15 (full 3):
 PSYoungGen      total 422912K, used 405393K [0x00000000d5580000, 0x00000000f6b00000, 0x0000000100000000)
  eden space 395776K, 95% used [0x00000000d5580000,0x00000000ec6e4ba8,0x00000000ed800000)
  from space 27136K, 99% used [0x00000000ed800000,0x00000000ef27fa30,0x00000000ef280000)
  to   space 31744K, 0% used [0x00000000f4c00000,0x00000000f4c00000,0x00000000f6b00000)
 ParOldGen       total 130560K, used 30879K [0x0000000080000000, 0x0000000087f80000, 0x00000000d5580000)
  object space 130560K, 23% used [0x0000000080000000,0x0000000081e27ff0,0x0000000087f80000)
 Metaspace       used 93056K, capacity 98528K, committed 98600K, reserved 1134592K
  class space    used 12754K, capacity 13723K, committed 13744K, reserved 1048576K
Event: 203.936 GC heap after
Heap after GC invocations=15 (full 3):
 PSYoungGen      total 493056K, used 31722K [0x00000000d5580000, 0x00000000ff680000, 0x0000000100000000)
  eden space 461312K, 0% used [0x00000000d5580000,0x00000000d5580000,0x00000000f1800000)
  from space 31744K, 99% used [0x00000000f4c00000,0x00000000f6afab20,0x00000000f6b00000)
  to   space 53248K, 0% used [0x00000000f1800000,0x00000000f1800000,0x00000000f4c00000)
 ParOldGen       total 130560K, used 76393K [0x0000000080000000, 0x0000000087f80000, 0x00000000d5580000)
  object space 130560K, 58% used [0x0000000080000000,0x0000000084a9a6a8,0x0000000087f80000)
 Metaspace       used 93056K, capacity 98528K, committed 98600K, reserved 1134592K
  class space    used 12754K, capacity 13723K, committed 13744K, reserved 1048576K
}
Event: 203.936 GC heap before
{Heap before GC invocations=16 (full 4):
 PSYoungGen      total 493056K, used 31722K [0x00000000d5580000, 0x00000000ff680000, 0x0000000100000000)
  eden space 461312K, 0% used [0x00000000d5580000,0x00000000d5580000,0x00000000f1800000)
  from space 31744K, 99% used [0x00000000f4c00000,0x00000000f6afab20,0x00000000f6b00000)
  to   space 53248K, 0% used [0x00000000f1800000,0x00000000f1800000,0x00000000f4c00000)
 ParOldGen       total 130560K, used 76393K [0x0000000080000000, 0x0000000087f80000, 0x00000000d5580000)
  object space 130560K, 58% used [0x0000000080000000,0x0000000084a9a6a8,0x0000000087f80000)
 Metaspace       used 93056K, capacity 98528K, committed 98600K, reserved 1134592K
  class space    used 12754K, capacity 13723K, committed 13744K, reserved 1048576K
Event: 212.914 GC heap after
Heap after GC invocations=16 (full 4):
 PSYoungGen      total 493056K, used 0K [0x00000000d5580000, 0x00000000ff680000, 0x0000000100000000)
  eden space 461312K, 0% used [0x00000000d5580000,0x00000000d5580000,0x00000000f1800000)
  from space 31744K, 0% used [0x00000000f4c00000,0x00000000f4c00000,0x00000000f6b00000)
  to   space 53248K, 0% used [0x00000000f1800000,0x00000000f1800000,0x00000000f4c00000)
 ParOldGen       total 242688K, used 103985K [0x0000000080000000, 0x000000008ed00000, 0x00000000d5580000)
  object space 242688K, 42% used [0x0000000080000000,0x000000008658c700,0x000000008ed00000)
 Metaspace       used 92097K, capacity 95864K, committed 98600K, reserved 1134592K
  class space    used 12436K, capacity 13163K, committed 13744K, reserved 1048576K
}

Deoptimization events (10 events):
Event: 1242.773 Thread 0x0000000021d9b800 Uncommon trap: reason=unstable_if action=reinterpret pc=0x0000000004594e60 method=org.gradle.cache.internal.DefaultCrossBuildInMemoryCacheFactory$AbstractCrossBuildInMemoryCache.getIfPresent(Ljava/lang/Object;)Ljava/lang/Object; @ 24
Event: 1242.773 Thread 0x0000000021d9b800 Uncommon trap: reason=unstable_if action=reinterpret pc=0x00000000046ef488 method=org.gradle.cache.internal.DefaultCrossBuildInMemoryCacheFactory$AbstractCrossBuildInMemoryCache.getIfPresent(Ljava/lang/Object;)Ljava/lang/Object; @ 24
Event: 1242.786 Thread 0x0000000021d9b800 Uncommon trap: reason=bimorphic action=maybe_recompile pc=0x00000000052a9f24 method=com.google.common.collect.ImmutableSet.copyOf(Ljava/util/Collection;)Lcom/google/common/collect/ImmutableSet; @ 29
Event: 1242.786 Thread 0x0000000021d9b800 Uncommon trap: reason=bimorphic action=maybe_recompile pc=0x00000000052a9f24 method=com.google.common.collect.ImmutableSet.copyOf(Ljava/util/Collection;)Lcom/google/common/collect/ImmutableSet; @ 29
Event: 1243.232 Thread 0x0000000021d9b800 Uncommon trap: reason=array_check action=maybe_recompile pc=0x00000000052982f8 method=com.google.common.collect.ImmutableSet.construct(I[Ljava/lang/Object;)Lcom/google/common/collect/ImmutableSet; @ 122
Event: 1243.234 Thread 0x0000000021d9b800 Uncommon trap: reason=array_check action=maybe_recompile pc=0x00000000052982f8 method=com.google.common.collect.ImmutableSet.construct(I[Ljava/lang/Object;)Lcom/google/common/collect/ImmutableSet; @ 122
Event: 1243.234 Thread 0x0000000021d9b800 Uncommon trap: reason=array_check action=maybe_recompile pc=0x00000000052982f8 method=com.google.common.collect.ImmutableSet.construct(I[Ljava/lang/Object;)Lcom/google/common/collect/ImmutableSet; @ 122
Event: 1243.234 Thread 0x0000000021d9b800 Uncommon trap: reason=unstable_if action=reinterpret pc=0x0000000004bb6a9c method=java.io.ObjectInputStream.checkResolve(Ljava/lang/Object;)Ljava/lang/Object; @ 4
Event: 1243.234 Thread 0x0000000021d9b800 Uncommon trap: reason=array_check action=maybe_recompile pc=0x00000000052982f8 method=com.google.common.collect.ImmutableSet.construct(I[Ljava/lang/Object;)Lcom/google/common/collect/ImmutableSet; @ 122
Event: 1244.184 Thread 0x0000000021d9b800 Uncommon trap: reason=class_check action=maybe_recompile pc=0x0000000004d91610 method=com.google.common.cache.LocalCache$Segment.getLiveValue(Lcom/google/common/cache/ReferenceEntry;J)Ljava/lang/Object; @ 21

Classes redefined (0 events):
No events

Internal exceptions (10 events):
Event: 215.293 Thread 0x000000002428d000 Exception <a 'sun/nio/fs/WindowsException'> (0x00000000df381f00) thrown at [C:\src\AOSP-openjdk-git\hotspot\src\share\vm\prims\jni.cpp, line 710]
Event: 215.293 Thread 0x000000002428d000 Exception <a 'sun/nio/fs/WindowsException'> (0x00000000df3823d8) thrown at [C:\src\AOSP-openjdk-git\hotspot\src\share\vm\prims\jni.cpp, line 710]
Event: 215.298 Thread 0x000000002428d000 Exception <a 'java/lang/NoSuchMethodError': java.lang.Object.lambda$static$0(Lcom/android/apksig/util/RunnablesProvider;)V> (0x00000000df3e6fb0) thrown at [C:\src\AOSP-openjdk-git\hotspot\src\share\vm\interpreter\linkResolver.cpp, line 620]
Event: 219.488 Thread 0x000000001cd56800 Exception <a 'sun/nio/fs/WindowsException'> (0x00000000e2ace120) thrown at [C:\src\AOSP-openjdk-git\hotspot\src\share\vm\prims\jni.cpp, line 710]
Event: 219.777 Thread 0x000000001cd56800 Implicit null exception at 0x00000000053345ec to 0x0000000005334635
Event: 220.565 Thread 0x000000001ccaa000 Exception <a 'java/lang/NoSuchMethodError': <clinit>> (0x00000000e486f130) thrown at [C:\src\AOSP-openjdk-git\hotspot\src\share\vm\prims\jni.cpp, line 1615]
Event: 220.565 Thread 0x000000001ccaa000 Exception <a 'java/lang/NoSuchMethodError': <clinit>> (0x00000000e487a6e0) thrown at [C:\src\AOSP-openjdk-git\hotspot\src\share\vm\prims\jni.cpp, line 1615]
Event: 220.565 Thread 0x000000001ccaa000 Exception <a 'java/lang/NoSuchMethodError': <clinit>> (0x00000000e4885230) thrown at [C:\src\AOSP-openjdk-git\hotspot\src\share\vm\prims\jni.cpp, line 1615]
Event: 220.587 Thread 0x000000001ccaa000 Exception <a 'java/lang/NoSuchMethodError': <clinit>> (0x00000000e489ee90) thrown at [C:\src\AOSP-openjdk-git\hotspot\src\share\vm\prims\jni.cpp, line 1615]
Event: 220.587 Thread 0x000000001ccaa000 Exception <a 'java/lang/NoSuchMethodError': <clinit>> (0x00000000e48afa20) thrown at [C:\src\AOSP-openjdk-git\hotspot\src\share\vm\prims\jni.cpp, line 1615]

Events (10 events):
Event: 1243.284 Executing VM operation: RevokeBias done
Event: 1243.370 Thread 0x0000000021d99800 Thread added: 0x0000000021d99800
Event: 1243.446 Thread 0x000000001a1bc800 flushing nmethod 0x00000000037be8d0
Event: 1243.446 Thread 0x000000001a1bc800 flushing nmethod 0x00000000037d3910
Event: 1243.559 Thread 0x0000000021da2800 Thread added: 0x0000000021da2800
Event: 1243.951 Thread 0x000000001a1bc800 flushing nmethod 0x0000000003d00d90
Event: 1243.952 Thread 0x000000001a1bc800 flushing nmethod 0x0000000003d9c450
Event: 1244.184 Thread 0x0000000021d9b800 Uncommon trap: trap_request=0xffffffde fr.pc=0x0000000004d91610
Event: 1244.184 Thread 0x0000000021d9b800 DEOPT PACKING pc=0x0000000004d91610 sp=0x000000001e6dc490
Event: 1244.184 Thread 0x0000000021d9b800 DEOPT UNPACKING pc=0x000000000339557b sp=0x000000001e6dc3a8 mode 2


Dynamic libraries:
0x00007ff602850000 - 0x00007ff602881000 	C:\Program Files\Android\Android Studio\jre\bin\java.exe
0x00007ffb0a8e0000 - 0x00007ffb0aad0000 	C:\WINDOWS\SYSTEM32\ntdll.dll
0x00007ffb08990000 - 0x00007ffb08a42000 	C:\WINDOWS\System32\KERNEL32.DLL
0x00007ffb07860000 - 0x00007ffb07b04000 	C:\WINDOWS\System32\KERNELBASE.dll
0x00007ffb09f20000 - 0x00007ffb09fc3000 	C:\WINDOWS\System32\ADVAPI32.dll
0x00007ffb08eb0000 - 0x00007ffb08f4e000 	C:\WINDOWS\System32\msvcrt.dll
0x00007ffb0a710000 - 0x00007ffb0a7a7000 	C:\WINDOWS\System32\sechost.dll
0x00007ffb09330000 - 0x00007ffb09450000 	C:\WINDOWS\System32\RPCRT4.dll
0x00007ffb08f50000 - 0x00007ffb090e5000 	C:\WINDOWS\System32\USER32.dll
0x00007ffb07ca0000 - 0x00007ffb07cc1000 	C:\WINDOWS\System32\win32u.dll
0x00007ffb08df0000 - 0x00007ffb08e16000 	C:\WINDOWS\System32\GDI32.dll
0x00007ffb08740000 - 0x00007ffb088d6000 	C:\WINDOWS\System32\gdi32full.dll
0x00007ffb08650000 - 0x00007ffb086ee000 	C:\WINDOWS\System32\msvcp_win.dll
0x00007ffb07ba0000 - 0x00007ffb07c9a000 	C:\WINDOWS\System32\ucrtbase.dll
0x00007ffaf29a0000 - 0x00007ffaf2c24000 	C:\WINDOWS\WinSxS\amd64_microsoft.windows.common-controls_6595b64144ccf1df_6.0.18362.1016_none_9e7a36bbe461dae4\COMCTL32.dll
0x00007ffb08a50000 - 0x00007ffb08d85000 	C:\WINDOWS\System32\combase.dll
0x00007ffb08460000 - 0x00007ffb084e0000 	C:\WINDOWS\System32\bcryptPrimitives.dll
0x00007ffb08e20000 - 0x00007ffb08e4e000 	C:\WINDOWS\System32\IMM32.DLL
0x000000006d860000 - 0x000000006d932000 	C:\Program Files\Android\Android Studio\jre\jre\bin\msvcr100.dll
0x000000006c700000 - 0x000000006cf4b000 	C:\Program Files\Android\Android Studio\jre\jre\bin\server\jvm.dll
0x00007ffb0a6e0000 - 0x00007ffb0a6e8000 	C:\WINDOWS\System32\PSAPI.DLL
0x00007ffb062e0000 - 0x00007ffb062e9000 	C:\WINDOWS\SYSTEM32\WSOCK32.dll
0x00007ffb02890000 - 0x00007ffb028b4000 	C:\WINDOWS\SYSTEM32\WINMM.dll
0x00007ffb02790000 - 0x00007ffb0279a000 	C:\WINDOWS\SYSTEM32\VERSION.dll
0x00007ffb0a7b0000 - 0x00007ffb0a81f000 	C:\WINDOWS\System32\WS2_32.dll
0x00007ffb02830000 - 0x00007ffb0285d000 	C:\WINDOWS\SYSTEM32\winmmbase.dll
0x00007ffb086f0000 - 0x00007ffb0873a000 	C:\WINDOWS\System32\cfgmgr32.dll
0x00007ffb03530000 - 0x00007ffb0353f000 	C:\Program Files\Android\Android Studio\jre\jre\bin\verify.dll
0x00007ffafe8c0000 - 0x00007ffafe8e9000 	C:\Program Files\Android\Android Studio\jre\jre\bin\java.dll
0x00007ffafe8a0000 - 0x00007ffafe8b6000 	C:\Program Files\Android\Android Studio\jre\jre\bin\zip.dll
0x00007ffb095b0000 - 0x00007ffb09c97000 	C:\WINDOWS\System32\SHELL32.dll
0x00007ffb0a630000 - 0x00007ffb0a6d9000 	C:\WINDOWS\System32\shcore.dll
0x00007ffb07cd0000 - 0x00007ffb08452000 	C:\WINDOWS\System32\windows.storage.dll
0x00007ffb077e0000 - 0x00007ffb07803000 	C:\WINDOWS\System32\profapi.dll
0x00007ffb07810000 - 0x00007ffb0785a000 	C:\WINDOWS\System32\powrprof.dll
0x00007ffb07790000 - 0x00007ffb077a0000 	C:\WINDOWS\System32\UMPDC.dll
0x00007ffb08e50000 - 0x00007ffb08ea2000 	C:\WINDOWS\System32\shlwapi.dll
0x00007ffb077c0000 - 0x00007ffb077d1000 	C:\WINDOWS\System32\kernel.appcore.dll
0x00007ffb08630000 - 0x00007ffb08647000 	C:\WINDOWS\System32\cryptsp.dll
0x00007ffafe880000 - 0x00007ffafe89a000 	C:\Program Files\Android\Android Studio\jre\jre\bin\net.dll
0x00007ffb06f90000 - 0x00007ffb06ff7000 	C:\WINDOWS\system32\mswsock.dll
0x00007ffafe860000 - 0x00007ffafe873000 	C:\Program Files\Android\Android Studio\jre\jre\bin\nio.dll
0x00007ffafa400000 - 0x00007ffafa426000 	C:\Users\Roberto\.gradle\native\31\windows-amd64\native-platform.dll
0x00007ffb03520000 - 0x00007ffb0352d000 	C:\Program Files\Android\Android Studio\jre\jre\bin\management.dll
0x00007ffb06b00000 - 0x00007ffb06b33000 	C:\WINDOWS\system32\rsaenh.dll
0x00007ffb07b70000 - 0x00007ffb07b96000 	C:\WINDOWS\System32\bcrypt.dll
0x00007ffb076b0000 - 0x00007ffb076d5000 	C:\WINDOWS\SYSTEM32\USERENV.dll
0x00007ffb07160000 - 0x00007ffb0716c000 	C:\WINDOWS\SYSTEM32\CRYPTBASE.dll
0x00007ffb06ca0000 - 0x00007ffb06cda000 	C:\WINDOWS\SYSTEM32\IPHLPAPI.DLL
0x00007ffb09520000 - 0x00007ffb09528000 	C:\WINDOWS\System32\NSI.dll
0x00007ffaff8f0000 - 0x00007ffaff906000 	C:\WINDOWS\SYSTEM32\dhcpcsvc6.DLL
0x00007ffb00610000 - 0x00007ffb0062c000 	C:\WINDOWS\SYSTEM32\dhcpcsvc.DLL
0x00007ffb06ce0000 - 0x00007ffb06dab000 	C:\WINDOWS\SYSTEM32\DNSAPI.dll
0x00007ffb01700000 - 0x00007ffb0171e000 	C:\Users\Roberto\AppData\Local\Temp\native-platform5963924220137479586dir\native-platform.dll

VM Arguments:
jvm_args: -Xmx2048m -Dfile.encoding=windows-1252 -Duser.country=NL -Duser.language=nl -Duser.variant 
java_command: org.gradle.launcher.daemon.bootstrap.GradleDaemon 6.1.1
java_class_path (initial): C:\Users\Roberto\.gradle\wrapper\dists\gradle-6.1.1-all\cfmwm155h49vnt3hynmlrsdst\gradle-6.1.1\lib\gradle-launcher-6.1.1.jar
Launcher Type: SUN_STANDARD

Environment Variables:
JAVA_HOME=C:\Program Files\Java\jdk1.8.0_102
PATH=C:\ProgramData\Oracle\Java\javapath;C:\Program Files (x86)\Intel\iCLS Client\;C:\Program Files\Intel\iCLS Client\;C:\Windows\system32;C:\Windows;C:\Windows\System32\Wbem;C:\Windows\System32\WindowsPowerShell\v1.0\;C:\Program Files (x86)\Intel\Intel(R) Management Engine Components\DAL;C:\Program Files\Intel\Intel(R) Management Engine Components\DAL;C:\Program Files (x86)\Intel\Intel(R) Management Engine Components\IPT;C:\Program Files\Intel\Intel(R) Management Engine Components\IPT;C:\WINDOWS\system32;C:\WINDOWS;C:\WINDOWS\System32\Wbem;C:\WINDOWS\System32\WindowsPowerShell\v1.0\;C:\Program Files (x86)\NVIDIA Corporation\PhysX\Common;C:\Program Files\Microsoft SQL Server\130\Tools\Binn\;C:\Program Files\dotnet\;C:\Program Files\Git\cmd;C:\xampp\php;C:\ProgramData\ComposerSetup\bin;C:\WINDOWS\System32\OpenSSH\;C:\Program Files\Intel\WiFi\bin\;C:\Program Files\Common Files\Intel\WirelessCommon\;C:\WINDOWS\system32;C:\WINDOWS;C:\WINDOWS\System32\Wbem;C:\WINDOWS\System32\WindowsPowerShell\v1.0\;C:\WINDOWS\System32\OpenSSH\;C:\Program Files\nodejs\;C:\Users\Roberto\AppData\Local\Microsoft\WindowsApps;C:\Users\Roberto\AppData\Roaming\Composer\vendor\bin;C:\Users\Roberto\AppData\Local\Programs\Microsoft VS Code\bin;C:\Program Files\Intel\WiFi\bin\;C:\Program Files\Common Files\Intel\WirelessCommon\;C:\src\flutter\bin;C:\Users\Roberto\AppData\Roaming\npm
USERNAME=Roberto
OS=Windows_NT
PROCESSOR_IDENTIFIER=Intel64 Family 6 Model 94 Stepping 3, GenuineIntel



---------------  S Y S T E M  ---------------

OS: Windows 10.0 , 64 bit Build 18362 (10.0.18362.959)

CPU:total 8 (initial active 8) (4 cores per cpu, 2 threads per core) family 6 model 94 stepping 3, cmov, cx8, fxsr, mmx, sse, sse2, sse3, ssse3, sse4.1, sse4.2, popcnt, avx, avx2, aes, clmul, erms, rtm, 3dnowpref, lzcnt, ht, tsc, tscinvbit, bmi1, bmi2, adx

Memory: 4k page, physical 8284696k(255948k free), swap 33450520k(4652k free)

vm_info: OpenJDK 64-Bit Server VM (25.242-b01) for windows-amd64 JRE (1.8.0_242-release-1644-b01), built by "builder" with MS VC++ 10.0 (VS2010)

time: Mon Sep 07 16:33:50 2020
timezone: West-Europa (zomertijd)
elapsed time: 1246 seconds (0d 0h 20m 46s)

